Flow report for keypress_emulator
Sun Sep 27 13:30:22 2020
Quartus Prime Version 19.1.0 Build 670 09/22/2019 SJ Lite Edition


---------------------
; Table of Contents ;
---------------------
  1. Legal Notice
  2. Flow Summary
  3. Flow Settings
  4. Flow Non-Default Global Settings
  5. Flow Elapsed Time
  6. Flow OS Summary
  7. Flow Log
  8. Flow Messages
  9. Flow Suppressed Messages



----------------
; Legal Notice ;
----------------
Copyright (C) 2019  Intel Corporation. All rights reserved.
Your use of Intel Corporation's design tools, logic functions 
and other software and tools, and any partner logic 
functions, and any output files from any of the foregoing 
(including device programming or simulation files), and any 
associated documentation or information are expressly subject 
to the terms and conditions of the Intel Program License 
Subscription Agreement, the Intel Quartus Prime License Agreement,
the Intel FPGA IP License Agreement, or other applicable license
agreement, including, without limitation, that your use is for
the sole purpose of programming logic devices manufactured by
Intel and sold by Intel or its authorized distributors.  Please
refer to the applicable agreement for further details, at
https://fpgasoftware.intel.com/eula.



+----------------------------------------------------------------------------------+
; Flow Summary                                                                     ;
+------------------------------------+---------------------------------------------+
; Flow Status                        ; Successful - Sun Sep 27 13:30:22 2020       ;
; Quartus Prime Version              ; 19.1.0 Build 670 09/22/2019 SJ Lite Edition ;
; Revision Name                      ; keypress_emulator                           ;
; Top-level Entity Name              ; Keyboard_Controller                         ;
; Family                             ; MAX 10                                      ;
; Device                             ; 10M50DAF484C7G                              ;
; Timing Models                      ; Final                                       ;
; Total logic elements               ; 276 / 49,760 ( < 1 % )                      ;
;     Total combinational functions  ; 276 / 49,760 ( < 1 % )                      ;
;     Dedicated logic registers      ; 144 / 49,760 ( < 1 % )                      ;
; Total registers                    ; 144                                         ;
; Total pins                         ; 36 / 360 ( 10 % )                           ;
; Total virtual pins                 ; 0                                           ;
; Total memory bits                  ; 0 / 1,677,312 ( 0 % )                       ;
; Embedded Multiplier 9-bit elements ; 0 / 288 ( 0 % )                             ;
; Total PLLs                         ; 0 / 4 ( 0 % )                               ;
; UFM blocks                         ; 0 / 1 ( 0 % )                               ;
; ADC blocks                         ; 0 / 2 ( 0 % )                               ;
+------------------------------------+---------------------------------------------+


+-----------------------------------------+
; Flow Settings                           ;
+-------------------+---------------------+
; Option            ; Setting             ;
+-------------------+---------------------+
; Start date & time ; 09/27/2020 13:29:35 ;
; Main task         ; Compilation         ;
; Revision Name     ; keypress_emulator   ;
+-------------------+---------------------+


+------------------------------------------------------------------------------------------------------------------------------------------------------------+
; Flow Non-Default Global Settings                                                                                                                           ;
+-------------------------------------+----------------------------------------+-------------------+---------------------+-----------------------------------+
; Assignment Name                     ; Value                                  ; Default Value     ; Entity Name         ; Section Id                        ;
+-------------------------------------+----------------------------------------+-------------------+---------------------+-----------------------------------+
; COMPILER_SIGNATURE_ID               ; 53447174556072.160118457540400         ; --                ; --                  ; --                                ;
; EDA_GENERATE_FUNCTIONAL_NETLIST     ; Off                                    ; --                ; --                  ; eda_board_design_timing           ;
; EDA_GENERATE_FUNCTIONAL_NETLIST     ; Off                                    ; --                ; --                  ; eda_board_design_boundary_scan    ;
; EDA_GENERATE_FUNCTIONAL_NETLIST     ; Off                                    ; --                ; --                  ; eda_board_design_signal_integrity ;
; EDA_GENERATE_FUNCTIONAL_NETLIST     ; Off                                    ; --                ; --                  ; eda_board_design_symbol           ;
; EDA_OUTPUT_DATA_FORMAT              ; Vhdl                                   ; --                ; --                  ; eda_simulation                    ;
; EDA_SIMULATION_TOOL                 ; ModelSim-Altera (VHDL)                 ; <None>            ; --                  ; --                                ;
; EDA_TIME_SCALE                      ; 1 ps                                   ; --                ; --                  ; eda_simulation                    ;
; MAX_CORE_JUNCTION_TEMP              ; 85                                     ; --                ; --                  ; --                                ;
; MIN_CORE_JUNCTION_TEMP              ; 0                                      ; --                ; --                  ; --                                ;
; OUTPUT_IO_TIMING_FAR_END_VMEAS      ; Half Signal Swing                      ; --                ; --                  ; --                                ;
; OUTPUT_IO_TIMING_FAR_END_VMEAS      ; Half Signal Swing                      ; --                ; --                  ; --                                ;
; OUTPUT_IO_TIMING_NEAR_END_VMEAS     ; Half Vccio                             ; --                ; --                  ; --                                ;
; OUTPUT_IO_TIMING_NEAR_END_VMEAS     ; Half Vccio                             ; --                ; --                  ; --                                ;
; PARTITION_COLOR                     ; -- (Not supported for targeted family) ; --                ; Keyboard_Controller ; Top                               ;
; PARTITION_FITTER_PRESERVATION_LEVEL ; -- (Not supported for targeted family) ; --                ; Keyboard_Controller ; Top                               ;
; PARTITION_NETLIST_TYPE              ; -- (Not supported for targeted family) ; --                ; Keyboard_Controller ; Top                               ;
; PROJECT_OUTPUT_DIRECTORY            ; output_files                           ; --                ; --                  ; --                                ;
; TOP_LEVEL_ENTITY                    ; Keyboard_Controller                    ; keypress_emulator ; --                  ; --                                ;
+-------------------------------------+----------------------------------------+-------------------+---------------------+-----------------------------------+


+--------------------------------------------------------------------------------------------------------------------------+
; Flow Elapsed Time                                                                                                        ;
+----------------------+--------------+-------------------------+---------------------+------------------------------------+
; Module Name          ; Elapsed Time ; Average Processors Used ; Peak Virtual Memory ; Total CPU Time (on all processors) ;
+----------------------+--------------+-------------------------+---------------------+------------------------------------+
; Analysis & Synthesis ; 00:00:14     ; 1.0                     ; 4869 MB             ; 00:00:38                           ;
; Fitter               ; 00:00:16     ; 1.1                     ; 6628 MB             ; 00:00:25                           ;
; Assembler            ; 00:00:05     ; 1.0                     ; 4701 MB             ; 00:00:05                           ;
; Timing Analyzer      ; 00:00:04     ; 1.3                     ; 4976 MB             ; 00:00:04                           ;
; EDA Netlist Writer   ; 00:00:01     ; 1.0                     ; 4650 MB             ; 00:00:01                           ;
; Total                ; 00:00:40     ; --                      ; --                  ; 00:01:13                           ;
+----------------------+--------------+-------------------------+---------------------+------------------------------------+


+------------------------------------------------------------------------------------+
; Flow OS Summary                                                                    ;
+----------------------+------------------+------------+------------+----------------+
; Module Name          ; Machine Hostname ; OS Name    ; OS Version ; Processor type ;
+----------------------+------------------+------------+------------+----------------+
; Analysis & Synthesis ; DESKTOP-S9UV8I2  ; Windows 10 ; 10.0       ; x86_64         ;
; Fitter               ; DESKTOP-S9UV8I2  ; Windows 10 ; 10.0       ; x86_64         ;
; Assembler            ; DESKTOP-S9UV8I2  ; Windows 10 ; 10.0       ; x86_64         ;
; Timing Analyzer      ; DESKTOP-S9UV8I2  ; Windows 10 ; 10.0       ; x86_64         ;
; EDA Netlist Writer   ; DESKTOP-S9UV8I2  ; Windows 10 ; 10.0       ; x86_64         ;
+----------------------+------------------+------------+------------+----------------+


------------
; Flow Log ;
------------
quartus_map --read_settings_files=on --write_settings_files=off keypress_emulator -c keypress_emulator
quartus_fit --read_settings_files=off --write_settings_files=off keypress_emulator -c keypress_emulator
quartus_asm --read_settings_files=off --write_settings_files=off keypress_emulator -c keypress_emulator
quartus_sta keypress_emulator -c keypress_emulator
quartus_eda --read_settings_files=off --write_settings_files=off keypress_emulator -c keypress_emulator



